{"/home/cercarol/trybe-exercises/fundamentals/section-05-intro-to-js-es6-and-unit-tests/day-03-matchers-and-code-coverage/exercise-03/createItem.js": {"path":"/home/cercarol/trybe-exercises/fundamentals/section-05-intro-to-js-es6-and-unit-tests/day-03-matchers-and-code-coverage/exercise-03/createItem.js","statementMap":{"0":{"start":{"line":1,"column":19},"end":{"line":20,"column":1}},"1":{"start":{"line":2,"column":2},"end":{"line":4,"column":3}},"2":{"start":{"line":3,"column":4},"end":{"line":3,"column":54}},"3":{"start":{"line":6,"column":2},"end":{"line":8,"column":3}},"4":{"start":{"line":7,"column":4},"end":{"line":7,"column":64}},"5":{"start":{"line":10,"column":2},"end":{"line":12,"column":3}},"6":{"start":{"line":11,"column":4},"end":{"line":11,"column":17}},"7":{"start":{"line":14,"column":2},"end":{"line":19,"column":4}},"8":{"start":{"line":22,"column":0},"end":{"line":22,"column":28}}},"fnMap":{"0":{"name":"(anonymous_0)","decl":{"start":{"line":1,"column":19},"end":{"line":1,"column":20}},"loc":{"start":{"line":1,"column":52},"end":{"line":20,"column":1}},"line":1}},"branchMap":{"0":{"loc":{"start":{"line":2,"column":2},"end":{"line":4,"column":3}},"type":"if","locations":[{"start":{"line":2,"column":2},"end":{"line":4,"column":3}},{"start":{},"end":{}}],"line":2},"1":{"loc":{"start":{"line":6,"column":2},"end":{"line":8,"column":3}},"type":"if","locations":[{"start":{"line":6,"column":2},"end":{"line":8,"column":3}},{"start":{},"end":{}}],"line":6},"2":{"loc":{"start":{"line":10,"column":2},"end":{"line":12,"column":3}},"type":"if","locations":[{"start":{"line":10,"column":2},"end":{"line":12,"column":3}},{"start":{},"end":{}}],"line":10}},"s":{"0":1,"1":6,"2":2,"3":4,"4":2,"5":2,"6":1,"7":2,"8":1},"f":{"0":6},"b":{"0":[2,4],"1":[2,2],"2":[1,1]},"_coverageSchema":"1a1c01bbd47fc00a2c39e90264f33305004495a9","hash":"9c607c84585d99b799e8d3d5da31c8cd77e3c28e"}
,"/home/cercarol/trybe-exercises/fundamentals/section-05-intro-to-js-es6-and-unit-tests/day-03-matchers-and-code-coverage/exercise-03/printMessage.js": {"path":"/home/cercarol/trybe-exercises/fundamentals/section-05-intro-to-js-es6-and-unit-tests/day-03-matchers-and-code-coverage/exercise-03/printMessage.js","statementMap":{"0":{"start":{"line":1,"column":11},"end":{"line":5,"column":1}},"1":{"start":{"line":7,"column":21},"end":{"line":15,"column":1}},"2":{"start":{"line":8,"column":2},"end":{"line":10,"column":3}},"3":{"start":{"line":9,"column":4},"end":{"line":9,"column":38}},"4":{"start":{"line":12,"column":15},"end":{"line":12,"column":52}},"5":{"start":{"line":14,"column":2},"end":{"line":14,"column":16}},"6":{"start":{"line":17,"column":0},"end":{"line":17,"column":32}},"7":{"start":{"line":19,"column":0},"end":{"line":19,"column":40}}},"fnMap":{"0":{"name":"(anonymous_0)","decl":{"start":{"line":7,"column":21},"end":{"line":7,"column":22}},"loc":{"start":{"line":7,"column":40},"end":{"line":15,"column":1}},"line":7}},"branchMap":{"0":{"loc":{"start":{"line":8,"column":2},"end":{"line":10,"column":3}},"type":"if","locations":[{"start":{"line":8,"column":2},"end":{"line":10,"column":3}},{"start":{},"end":{}}],"line":8}},"s":{"0":1,"1":1,"2":4,"3":1,"4":3,"5":3,"6":1,"7":1},"f":{"0":4},"b":{"0":[1,3]},"_coverageSchema":"1a1c01bbd47fc00a2c39e90264f33305004495a9","hash":"03ce66012bf0e9a9a83867b8a5d482c83e2ca267"}
,"/home/cercarol/trybe-exercises/fundamentals/section-05-intro-to-js-es6-and-unit-tests/day-03-matchers-and-code-coverage/exercise-03/searchEmployee.js": {"path":"/home/cercarol/trybe-exercises/fundamentals/section-05-intro-to-js-es6-and-unit-tests/day-03-matchers-and-code-coverage/exercise-03/searchEmployee.js","statementMap":{"0":{"start":{"line":1,"column":26},"end":{"line":38,"column":1}},"1":{"start":{"line":40,"column":23},"end":{"line":52,"column":1}},"2":{"start":{"line":41,"column":2},"end":{"line":49,"column":3}},"3":{"start":{"line":41,"column":15},"end":{"line":41,"column":16}},"4":{"start":{"line":42,"column":4},"end":{"line":48,"column":5}},"5":{"start":{"line":43,"column":6},"end":{"line":45,"column":7}},"6":{"start":{"line":44,"column":8},"end":{"line":44,"column":51}},"7":{"start":{"line":47,"column":6},"end":{"line":47,"column":48}},"8":{"start":{"line":51,"column":2},"end":{"line":51,"column":39}},"9":{"start":{"line":54,"column":0},"end":{"line":54,"column":32}}},"fnMap":{"0":{"name":"(anonymous_0)","decl":{"start":{"line":40,"column":23},"end":{"line":40,"column":24}},"loc":{"start":{"line":40,"column":45},"end":{"line":52,"column":1}},"line":40}},"branchMap":{"0":{"loc":{"start":{"line":42,"column":4},"end":{"line":48,"column":5}},"type":"if","locations":[{"start":{"line":42,"column":4},"end":{"line":48,"column":5}},{"start":{},"end":{}}],"line":42},"1":{"loc":{"start":{"line":43,"column":6},"end":{"line":45,"column":7}},"type":"if","locations":[{"start":{"line":43,"column":6},"end":{"line":45,"column":7}},{"start":{},"end":{}}],"line":43}},"s":{"0":1,"1":1,"2":6,"3":6,"4":16,"5":5,"6":2,"7":3,"8":1,"9":1},"f":{"0":6},"b":{"0":[5,11],"1":[2,3]},"_coverageSchema":"1a1c01bbd47fc00a2c39e90264f33305004495a9","hash":"7d055d53132b904fb4b3ac5e5d0e2926fc771a07"}
,"/home/cercarol/trybe-exercises/fundamentals/section-05-intro-to-js-es6-and-unit-tests/day-03-matchers-and-code-coverage/exercise-03/sum.js": {"path":"/home/cercarol/trybe-exercises/fundamentals/section-05-intro-to-js-es6-and-unit-tests/day-03-matchers-and-code-coverage/exercise-03/sum.js","statementMap":{"0":{"start":{"line":2,"column":2},"end":{"line":4,"column":3}},"1":{"start":{"line":3,"column":4},"end":{"line":3,"column":50}},"2":{"start":{"line":6,"column":2},"end":{"line":6,"column":15}},"3":{"start":{"line":9,"column":0},"end":{"line":9,"column":21}}},"fnMap":{"0":{"name":"sum","decl":{"start":{"line":1,"column":9},"end":{"line":1,"column":12}},"loc":{"start":{"line":1,"column":19},"end":{"line":7,"column":1}},"line":1}},"branchMap":{"0":{"loc":{"start":{"line":2,"column":2},"end":{"line":4,"column":3}},"type":"if","locations":[{"start":{"line":2,"column":2},"end":{"line":4,"column":3}},{"start":{},"end":{}}],"line":2},"1":{"loc":{"start":{"line":2,"column":6},"end":{"line":2,"column":52}},"type":"binary-expr","locations":[{"start":{"line":2,"column":6},"end":{"line":2,"column":27}},{"start":{"line":2,"column":31},"end":{"line":2,"column":52}}],"line":2}},"s":{"0":4,"1":2,"2":2,"3":1},"f":{"0":4},"b":{"0":[2,2],"1":[4,3]},"_coverageSchema":"1a1c01bbd47fc00a2c39e90264f33305004495a9","hash":"e706187bcce09d47e26fe74d75bf7157a56f419b"}
}
