TN:
SF:createItem.js
FN:1,(anonymous_0)
FNF:1
FNH:1
FNDA:6,(anonymous_0)
DA:1,1
DA:2,6
DA:3,2
DA:6,4
DA:7,2
DA:10,2
DA:11,1
DA:14,2
DA:22,1
LF:9
LH:9
BRDA:2,0,0,2
BRDA:2,0,1,4
BRDA:6,1,0,2
BRDA:6,1,1,2
BRDA:10,2,0,1
BRDA:10,2,1,1
BRF:6
BRH:6
end_of_record
TN:
SF:printMessage.js
FN:7,(anonymous_0)
FNF:1
FNH:1
FNDA:4,(anonymous_0)
DA:1,1
DA:7,1
DA:8,4
DA:9,1
DA:12,3
DA:14,3
DA:17,1
DA:19,1
LF:8
LH:8
BRDA:8,0,0,1
BRDA:8,0,1,3
BRF:2
BRH:2
end_of_record
TN:
SF:searchEmployee.js
FN:40,(anonymous_0)
FNF:1
FNH:1
FNDA:6,(anonymous_0)
DA:1,1
DA:40,1
DA:41,6
DA:42,16
DA:43,5
DA:44,2
DA:47,3
DA:51,1
DA:54,1
LF:9
LH:9
BRDA:42,0,0,5
BRDA:42,0,1,11
BRDA:43,1,0,2
BRDA:43,1,1,3
BRF:4
BRH:4
end_of_record
TN:
SF:sum.js
FN:1,sum
FNF:1
FNH:1
FNDA:4,sum
DA:2,4
DA:3,2
DA:6,2
DA:9,1
LF:4
LH:4
BRDA:2,0,0,2
BRDA:2,0,1,2
BRDA:2,1,0,4
BRDA:2,1,1,3
BRF:4
BRH:4
end_of_record
